<?xml version="1.0" encoding="UTF-8"?>
<!-- Generated by org.testng.reporters.JUnitReportReporter -->
<testsuite skipped="0" hostname="LAPTOP-41S1IO43" name="com.test.Sample.Airjet" tests="1" failures="0" timestamp="16 May 2020 13:14:52 GMT" time="0.024" errors="0">
  <testcase name="test" time="0.024" classname="com.test.Sample.Airjet"/>
</testsuite> <!-- com.test.Sample.Airjet -->
