<?xml version="1.0" encoding="UTF-8"?>
<!-- Generated by org.testng.reporters.JUnitReportReporter -->
<testsuite skipped="0" hostname="LAPTOP-41S1IO43" name="com.test.Sample.TestNG1" tests="3" failures="0" timestamp="30 Mar 2020 03:57:15 GMT" time="0.010" errors="0">
  <testcase name="test3" time="0.003" classname="com.test.Sample.TestNG1"/>
  <testcase name="test4" time="0.002" classname="com.test.Sample.TestNG1"/>
  <testcase name="test5" time="0.005" classname="com.test.Sample.TestNG1"/>
</testsuite> <!-- com.test.Sample.TestNG1 -->
