<?xml version="1.0" encoding="UTF-8"?>
<!-- Generated by org.testng.reporters.JUnitReportReporter -->
<testsuite skipped="0" hostname="LAPTOP-41S1IO43" name="com.greens.TestNGSample.StudentDetails" tests="2" failures="0" timestamp="19 May 2020 05:34:50 GMT" time="0.005" errors="0">
  <testcase name="studentName" time="0.003" classname="com.greens.TestNGSample.StudentDetails"/>
  <testcase name="studentID" time="0.002" classname="com.greens.TestNGSample.StudentDetails"/>
</testsuite> <!-- com.greens.TestNGSample.StudentDetails -->
