<?xml version="1.0" encoding="UTF-8"?>
<!-- Generated by org.testng.reporters.JUnitReportReporter -->
<testsuite skipped="0" hostname="LAPTOP-41S1IO43" name="com.greens.TestNGSample.Sample" tests="1" failures="0" timestamp="17 May 2020 05:25:46 GMT" time="0.002" errors="0">
  <testcase name="EmployeeName" time="0.002" classname="com.greens.TestNGSample.Sample"/>
</testsuite> <!-- com.greens.TestNGSample.Sample -->
